  glut.cpp
glut.obj : error LNK2019: unresolved external symbol __imp___glutInitWithExit referenced in function glutInit_ATEXIT_HACK
glut.obj : error LNK2019: unresolved external symbol __imp_glutInitDisplayMode referenced in function main
glut.obj : error LNK2019: unresolved external symbol __imp_glutInitWindowPosition referenced in function main
glut.obj : error LNK2019: unresolved external symbol __imp_glutInitWindowSize referenced in function main
glut.obj : error LNK2019: unresolved external symbol __imp_glutMainLoop referenced in function main
glut.obj : error LNK2019: unresolved external symbol __imp___glutCreateWindowWithExit referenced in function glutCreateWindow_ATEXIT_HACK
glut.obj : error LNK2019: unresolved external symbol __imp_glutSwapBuffers referenced in function "void __cdecl renderScene(void)" (?renderScene@@YAXXZ)
glut.obj : error LNK2019: unresolved external symbol __imp_glutDisplayFunc referenced in function main
glut.obj : error LNK2019: unresolved external symbol __imp_glutReshapeFunc referenced in function main
glut.obj : error LNK2019: unresolved external symbol __imp_glutMouseFunc referenced in function main
glut.obj : error LNK2019: unresolved external symbol __imp_glutMotionFunc referenced in function main
glut.obj : error LNK2019: unresolved external symbol __imp_glutIdleFunc referenced in function main
glut.obj : error LNK2019: unresolved external symbol __imp_glutSpecialFunc referenced in function main
glut.obj : error LNK2019: unresolved external symbol __imp_glutSpecialUpFunc referenced in function main
glut.obj : error LNK2019: unresolved external symbol __imp_glutSolidSphere referenced in function "void __cdecl drawSnowMan(void)" (?drawSnowMan@@YAXXZ)
glut.obj : error LNK2019: unresolved external symbol __imp_glutSolidCone referenced in function "void __cdecl drawSnowMan(void)" (?drawSnowMan@@YAXXZ)
glut.obj : error LNK2019: unresolved external symbol __imp_glutIgnoreKeyRepeat referenced in function main
C:\Users\PARAM BHATT\Downloads\Compressed\Glew and Glut\freeglut\lib\freeglut.lib : warning LNK4272: library machine type 'x86' conflicts with target machine type 'x64'
C:\Users\PARAM BHATT\Downloads\Compressed\Glew and Glut\glew-1.11.0\lib\glew32.lib : warning LNK4272: library machine type 'x86' conflicts with target machine type 'x64'
C:\Program Files (x86)\Microsoft Visual Studio\2019\Community\VC\Tools\MSVC\14.25.28610\lib\x64\glut32.lib : warning LNK4272: library machine type 'x86' conflicts with target machine type 'x64'
C:\Users\PARAM BHATT\Desktop\opengl\glut_phase1\x64\Debug\glut_phase1.exe : fatal error LNK1120: 17 unresolved externals
