  glut.cpp
C:\Users\PARAM BHATT\Desktop\opengl\glut_phase1\glut.cpp(6,1): warning C4005: '_CRT_SECURE_NO_WARNINGS': macro redefinition
C:\Users\PARAM BHATT\Desktop\opengl\glut_phase1\glut.cpp : message : see previous definition of '_CRT_SECURE_NO_WARNINGS'
C:\Users\PARAM BHATT\Desktop\opengl\glut_phase1\load_object.cpp(10,10): warning C4244: 'initializing': conversion from 'float' to 'int', possible loss of data
C:\Users\PARAM BHATT\Desktop\opengl\glut_phase1\load_object.cpp(10,26): warning C4244: 'initializing': conversion from 'float' to 'int', possible loss of data
C:\Users\PARAM BHATT\Desktop\opengl\glut_phase1\load_object.cpp(10,42): warning C4244: 'initializing': conversion from 'float' to 'int', possible loss of data
C:\Users\PARAM BHATT\Desktop\opengl\glut_phase1\load_object.cpp(11,22): warning C4244: 'argument': conversion from 'int' to 'GLfloat', possible loss of data
C:\Users\PARAM BHATT\Desktop\opengl\glut_phase1\load_object.cpp(11,18): warning C4244: 'argument': conversion from 'int' to 'GLfloat', possible loss of data
C:\Users\PARAM BHATT\Desktop\opengl\glut_phase1\load_object.cpp(11,14): warning C4244: 'argument': conversion from 'int' to 'GLfloat', possible loss of data
C:\Users\PARAM BHATT\Desktop\opengl\glut_phase1\comet.cpp(16,18): warning C4305: '+=': truncation from 'double' to 'float'
C:\Users\PARAM BHATT\Desktop\opengl\glut_phase1\circle.cpp(9,18): warning C4244: '=': conversion from 'double' to 'float', possible loss of data
C:\Users\PARAM BHATT\Desktop\opengl\glut_phase1\circle.cpp(10,18): warning C4244: '=': conversion from 'double' to 'float', possible loss of data
C:\Users\PARAM BHATT\Desktop\opengl\glut_phase1\circle.cpp(13,24): warning C4244: '=': conversion from 'double' to 'float', possible loss of data
C:\Users\PARAM BHATT\Desktop\opengl\glut_phase1\circle.cpp(14,24): warning C4244: '=': conversion from 'double' to 'float', possible loss of data
C:\Users\PARAM BHATT\Desktop\opengl\glut_phase1\resize.cpp(9,14): warning C4244: 'initializing': conversion from 'double' to 'float', possible loss of data
C:\Users\PARAM BHATT\Desktop\opengl\glut_phase1\render.cpp(44,28): warning C4305: 'argument': truncation from 'double' to 'GLfloat'
C:\Users\PARAM BHATT\Desktop\opengl\glut_phase1\render.cpp(55,24): warning C4305: 'initializing': truncation from 'double' to 'float'
C:\Users\PARAM BHATT\Desktop\opengl\glut_phase1\render.cpp(55,40): warning C4305: '+=': truncation from 'double' to 'float'
C:\Users\PARAM BHATT\Desktop\opengl\glut_phase1\render.cpp(67,27): warning C4305: 'argument': truncation from 'double' to 'GLfloat'
C:\Users\PARAM BHATT\Desktop\opengl\glut_phase1\glut.cpp(56,30): warning C4244: '=': conversion from 'double' to 'float', possible loss of data
  Generating code
  19 of 30 functions (63.3%) were compiled, the rest were copied from previous compilation.
    3 functions were new in current compilation
    0 functions had inline decision re-evaluated but remain unchanged
  Finished generating code
  glut_phase1.vcxproj -> C:\Users\PARAM BHATT\Desktop\opengl\glut_phase1\Release\glut_phase1.exe
